Change Component Designator: Old Designator=BT? New Designator=BT101
Change Component Designator: Old Designator=C? New Designator=C101
Change Component Designator: Old Designator=C? New Designator=C102
Change Component Designator: Old Designator=C? New Designator=C103
Change Component Designator: Old Designator=J? New Designator=J101
Change Component Designator: Old Designator=R? New Designator=R101
Change Component Designator: Old Designator=R? New Designator=R102
Change Component Designator: Old Designator=R? New Designator=R103
Change Component Designator: Old Designator=R? New Designator=R104
Change Component Designator: Old Designator=SW? New Designator=SW101
Change Component Designator: Old Designator=SW? New Designator=SW102
Change Component Designator: Old Designator=SW? New Designator=SW103
Change Component Designator: Old Designator=TP? New Designator=TP101
Change Component Designator: Old Designator=U? New Designator=U102
Change Component Designator: Old Designator=U? New Designator=U102
Change Component Designator: Old Designator=U? New Designator=U101
Change Component Designator: Old Designator=U? New Designator=U103
Change Component Designator: Old Designator=U? New Designator=U104
Change Component Designator: Old Designator=U? New Designator=U105
Change Component Designator: Old Designator=U? New Designator=U106
Change Component Designator: Old Designator=U? New Designator=U107
Change Component Designator: Old Designator=U? New Designator=U108
Change Component Designator: Old Designator=U? New Designator=U109
Change Component Designator: Old Designator=U? New Designator=U110
Change Component Designator: Old Designator=U? New Designator=U111
Change Component Designator: Old Designator=U? New Designator=U112
Change Component Designator: Old Designator=U? New Designator=U113
Change Component Designator: Old Designator=U? New Designator=U114
Change Component Designator: Old Designator=U? New Designator=U115
Change Component Designator: Old Designator=U? New Designator=U116
Change Component Designator: Old Designator=U? New Designator=U117
Change Component Designator: Old Designator=U? New Designator=U118
Change Component Designator: Old Designator=U? New Designator=U119
Change Component Designator: Old Designator=U? New Designator=U120
