Added Component: Designator=BT101(FP-BK-912-MFG)
Add component (AddParameter): Name = "Case/Package"; Value = "SMD/SMT"; VariantName = "[No Variations]"
Add component (AddParameter): Name = "Mount"; Value = "Surface Mount"; VariantName = "[No Variations]"
Add component (AddParameter): Name = "Number of Cells"; Value = "1"; VariantName = "[No Variations]"
Add component (AddParameter): Name = "Package Quantity"; Value = "100"; VariantName = "[No Variations]"
Add component (AddParameter): Name = "Termination"; Value = "SMD/SMT"; VariantName = "[No Variations]"
Added Component: Designator=C101(CAPC1608X09N)
Add component (AddParameter): Name = "Dielectric"; Value = ""; VariantName = "[No Variations]"
Add component (AddParameter): Name = "Value"; Value = "1p"; VariantName = "[No Variations]"
Add component (AddParameter): Name = "Voltage"; Value = ""; VariantName = "[No Variations]"
Added Component: Designator=C102(CAPC1608X09N)
Add component (AddParameter): Name = "Dielectric"; Value = ""; VariantName = "[No Variations]"
Add component (AddParameter): Name = "Value"; Value = "1p"; VariantName = "[No Variations]"
Add component (AddParameter): Name = "Voltage"; Value = ""; VariantName = "[No Variations]"
Added Component: Designator=C103(CAPC1608X09N)
Add component (AddParameter): Name = "Dielectric"; Value = ""; VariantName = "[No Variations]"
Add component (AddParameter): Name = "Value"; Value = "1p"; VariantName = "[No Variations]"
Add component (AddParameter): Name = "Voltage"; Value = ""; VariantName = "[No Variations]"
Added Component: Designator=J101(FP-USB4110-GF-A-MFG)
Add component (AddParameter): Name = "Automotive"; Value = "No"; VariantName = "[No Variations]"
Add component (AddParameter): Name = "Category"; Value = "Conn"; VariantName = "[No Variations]"
Add component (AddParameter): Name = "ComponentLink2Description"; Value = "Datasheet"; VariantName = "[No Variations]"
Add component (AddParameter): Name = "ComponentLink2URL"; Value = "https://gct.co/files/drawings/usb4110.pdf"; VariantName = "[No Variations]"
Add component (AddParameter): Name = "Conn Orientation"; Value = "Right Angle"; VariantName = "[No Variations]"
Add component (AddParameter): Name = "Contact Material"; Value = "Gold,Nickel"; VariantName = "[No Variations]"
Add component (AddParameter): Name = "Current Rating"; Value = "3/4.25/1.25/0.25A"; VariantName = "[No Variations]"
Add component (AddParameter): Name = "Device Class L1"; Value = "Connectors"; VariantName = "[No Variations]"
Add component (AddParameter): Name = "Device Class L2"; Value = "USB Connectors"; VariantName = "[No Variations]"
Add component (AddParameter): Name = "Device Class L3"; Value = "unset"; VariantName = "[No Variations]"
Add component (AddParameter): Name = "Digikey Description"; Value = "CONN USB 2.0 TYPE-C R/A SMT"; VariantName = "[No Variations]"
Add component (AddParameter): Name = "Height"; Value = "3.46mm"; VariantName = "[No Variations]"
Add component (AddParameter): Name = "Is Female"; Value = "yes"; VariantName = "[No Variations]"
Add component (AddParameter): Name = "Lead Free"; Value = "Yes"; VariantName = "[No Variations]"
Add component (AddParameter): Name = "Manufacturer"; Value = "GCT"; VariantName = "[No Variations]"
Add component (AddParameter): Name = "Manufacturer Part Number"; Value = "USB4110-GF-A"; VariantName = "[No Variations]"
Add component (AddParameter): Name = "Number Of Contacts"; Value = "16"; VariantName = "[No Variations]"
Add component (AddParameter): Name = "Octopart"; Value = "https://octopart.com/usb4110-gf-a-gct-103941985"; VariantName = "[No Variations]"
Add component (AddParameter): Name = "Package"; Value = "0"; VariantName = "[No Variations]"
Add component (AddParameter): Name = "RoHS"; Value = "TRUE"; VariantName = "[No Variations]"
Add component (AddParameter): Name = "Shielding"; Value = "true"; VariantName = "[No Variations]"
Add component (AddParameter): Name = "Standoff Height"; Value = "0.1mm"; VariantName = "[No Variations]"
Add component (AddParameter): Name = "Temperature"; Value = "-40°C to +85°C"; VariantName = "[No Variations]"
Add component (AddParameter): Name = "Temperature Range High"; Value = "+85°C"; VariantName = "[No Variations]"
Add component (AddParameter): Name = "Temperature Range Low"; Value = "-40°C"; VariantName = "[No Variations]"
Add component (AddParameter): Name = "Usb Standard"; Value = "USB 2.0"; VariantName = "[No Variations]"
Add component (AddParameter): Name = "Voltage Rating"; Value = "20V"; VariantName = "[No Variations]"
Added Component: Designator=R101(RESC1608X06N)
Add component (AddParameter): Name = "Value"; Value = ""; VariantName = "[No Variations]"
Added Component: Designator=R102(RESC1608X06N)
Add component (AddParameter): Name = "Value"; Value = ""; VariantName = "[No Variations]"
Added Component: Designator=R103(RESC1608X06N)
Add component (AddParameter): Name = "Value"; Value = ""; VariantName = "[No Variations]"
Added Component: Designator=R104(RESC1608X06N)
Add component (AddParameter): Name = "Value"; Value = ""; VariantName = "[No Variations]"
Added Component: Designator=SW101(FP-PTS526SK15SMTR2LFS-MFG)
Add component (AddParameter): Name = "Automotive"; Value = "No"; VariantName = "[No Variations]"
Add component (AddParameter): Name = "Category"; Value = "Switch"; VariantName = "[No Variations]"
Add component (AddParameter): Name = "ComponentLink2Description"; Value = "Datasheet"; VariantName = "[No Variations]"
Add component (AddParameter): Name = "ComponentLink2URL"; Value = "https://www.ckswitches.com/media/2780/pts526.pdf"; VariantName = "[No Variations]"
Add component (AddParameter): Name = "Contact Current Rating"; Value = "50mA"; VariantName = "[No Variations]"
Add component (AddParameter): Name = "Contact Resistance"; Value = "100mO"; VariantName = "[No Variations]"
Add component (AddParameter): Name = "Device Class L1"; Value = "Electromechanical"; VariantName = "[No Variations]"
Add component (AddParameter): Name = "Device Class L2"; Value = "Switches"; VariantName = "[No Variations]"
Add component (AddParameter): Name = "Device Class L3"; Value = "Tactile Switches"; VariantName = "[No Variations]"
Add component (AddParameter): Name = "Digikey Description"; Value = "TACT 5.2 X 5.2, 1.5 MM H, 260GF,"; VariantName = "[No Variations]"
Add component (AddParameter): Name = "Electromechanical Life"; Value = "200000Cycles"; VariantName = "[No Variations]"
Add component (AddParameter): Name = "Height"; Value = "1.65mm"; VariantName = "[No Variations]"
Add component (AddParameter): Name = "Lead Free"; Value = "Yes"; VariantName = "[No Variations]"
Add component (AddParameter): Name = "Manufacturer"; Value = "C&K"; VariantName = "[No Variations]"
Add component (AddParameter): Name = "Manufacturer Part Number"; Value = "PTS526SK15SMTR2LFS"; VariantName = "[No Variations]"
Add component (AddParameter): Name = "Octopart"; Value = "https://octopart.com/pts526+sk15+smtr2+lfs-c%26k+components-100617999"; VariantName = "[No Variations]"
Add component (AddParameter): Name = "Operating Force"; Value = "250gf"; VariantName = "[No Variations]"
Add component (AddParameter): Name = "Package"; Value = "PTS526SK15SMTR2LFS"; VariantName = "[No Variations]"
Add component (AddParameter): Name = "RoHS"; Value = "TRUE"; VariantName = "[No Variations]"
Add component (AddParameter): Name = "Standoff Height"; Value = "0mm"; VariantName = "[No Variations]"
Add component (AddParameter): Name = "Temperature"; Value = "-20°C to +70°C"; VariantName = "[No Variations]"
Add component (AddParameter): Name = "Temperature Range High"; Value = "+70°C"; VariantName = "[No Variations]"
Add component (AddParameter): Name = "Temperature Range Low"; Value = "-20°C"; VariantName = "[No Variations]"
Add component (AddParameter): Name = "Throw Configuration"; Value = "SPST-NO"; VariantName = "[No Variations]"
Add component (AddParameter): Name = "Voltage Rating Dc"; Value = "12V"; VariantName = "[No Variations]"
Added Component: Designator=SW102(FP-PTS526SK15SMTR2LFS-MFG)
Add component (AddParameter): Name = "Automotive"; Value = "No"; VariantName = "[No Variations]"
Add component (AddParameter): Name = "Category"; Value = "Switch"; VariantName = "[No Variations]"
Add component (AddParameter): Name = "ComponentLink2Description"; Value = "Datasheet"; VariantName = "[No Variations]"
Add component (AddParameter): Name = "ComponentLink2URL"; Value = "https://www.ckswitches.com/media/2780/pts526.pdf"; VariantName = "[No Variations]"
Add component (AddParameter): Name = "Contact Current Rating"; Value = "50mA"; VariantName = "[No Variations]"
Add component (AddParameter): Name = "Contact Resistance"; Value = "100mO"; VariantName = "[No Variations]"
Add component (AddParameter): Name = "Device Class L1"; Value = "Electromechanical"; VariantName = "[No Variations]"
Add component (AddParameter): Name = "Device Class L2"; Value = "Switches"; VariantName = "[No Variations]"
Add component (AddParameter): Name = "Device Class L3"; Value = "Tactile Switches"; VariantName = "[No Variations]"
Add component (AddParameter): Name = "Digikey Description"; Value = "TACT 5.2 X 5.2, 1.5 MM H, 260GF,"; VariantName = "[No Variations]"
Add component (AddParameter): Name = "Electromechanical Life"; Value = "200000Cycles"; VariantName = "[No Variations]"
Add component (AddParameter): Name = "Height"; Value = "1.65mm"; VariantName = "[No Variations]"
Add component (AddParameter): Name = "Lead Free"; Value = "Yes"; VariantName = "[No Variations]"
Add component (AddParameter): Name = "Manufacturer"; Value = "C&K"; VariantName = "[No Variations]"
Add component (AddParameter): Name = "Manufacturer Part Number"; Value = "PTS526SK15SMTR2LFS"; VariantName = "[No Variations]"
Add component (AddParameter): Name = "Octopart"; Value = "https://octopart.com/pts526+sk15+smtr2+lfs-c%26k+components-100617999"; VariantName = "[No Variations]"
Add component (AddParameter): Name = "Operating Force"; Value = "250gf"; VariantName = "[No Variations]"
Add component (AddParameter): Name = "Package"; Value = "PTS526SK15SMTR2LFS"; VariantName = "[No Variations]"
Add component (AddParameter): Name = "RoHS"; Value = "TRUE"; VariantName = "[No Variations]"
Add component (AddParameter): Name = "Standoff Height"; Value = "0mm"; VariantName = "[No Variations]"
Add component (AddParameter): Name = "Temperature"; Value = "-20°C to +70°C"; VariantName = "[No Variations]"
Add component (AddParameter): Name = "Temperature Range High"; Value = "+70°C"; VariantName = "[No Variations]"
Add component (AddParameter): Name = "Temperature Range Low"; Value = "-20°C"; VariantName = "[No Variations]"
Add component (AddParameter): Name = "Throw Configuration"; Value = "SPST-NO"; VariantName = "[No Variations]"
Add component (AddParameter): Name = "Voltage Rating Dc"; Value = "12V"; VariantName = "[No Variations]"
Added Component: Designator=SW103(FP-PTS526SK15SMTR2LFS-MFG)
Add component (AddParameter): Name = "Automotive"; Value = "No"; VariantName = "[No Variations]"
Add component (AddParameter): Name = "Category"; Value = "Switch"; VariantName = "[No Variations]"
Add component (AddParameter): Name = "ComponentLink2Description"; Value = "Datasheet"; VariantName = "[No Variations]"
Add component (AddParameter): Name = "ComponentLink2URL"; Value = "https://www.ckswitches.com/media/2780/pts526.pdf"; VariantName = "[No Variations]"
Add component (AddParameter): Name = "Contact Current Rating"; Value = "50mA"; VariantName = "[No Variations]"
Add component (AddParameter): Name = "Contact Resistance"; Value = "100mO"; VariantName = "[No Variations]"
Add component (AddParameter): Name = "Device Class L1"; Value = "Electromechanical"; VariantName = "[No Variations]"
Add component (AddParameter): Name = "Device Class L2"; Value = "Switches"; VariantName = "[No Variations]"
Add component (AddParameter): Name = "Device Class L3"; Value = "Tactile Switches"; VariantName = "[No Variations]"
Add component (AddParameter): Name = "Digikey Description"; Value = "TACT 5.2 X 5.2, 1.5 MM H, 260GF,"; VariantName = "[No Variations]"
Add component (AddParameter): Name = "Electromechanical Life"; Value = "200000Cycles"; VariantName = "[No Variations]"
Add component (AddParameter): Name = "Height"; Value = "1.65mm"; VariantName = "[No Variations]"
Add component (AddParameter): Name = "Lead Free"; Value = "Yes"; VariantName = "[No Variations]"
Add component (AddParameter): Name = "Manufacturer"; Value = "C&K"; VariantName = "[No Variations]"
Add component (AddParameter): Name = "Manufacturer Part Number"; Value = "PTS526SK15SMTR2LFS"; VariantName = "[No Variations]"
Add component (AddParameter): Name = "Octopart"; Value = "https://octopart.com/pts526+sk15+smtr2+lfs-c%26k+components-100617999"; VariantName = "[No Variations]"
Add component (AddParameter): Name = "Operating Force"; Value = "250gf"; VariantName = "[No Variations]"
Add component (AddParameter): Name = "Package"; Value = "PTS526SK15SMTR2LFS"; VariantName = "[No Variations]"
Add component (AddParameter): Name = "RoHS"; Value = "TRUE"; VariantName = "[No Variations]"
Add component (AddParameter): Name = "Standoff Height"; Value = "0mm"; VariantName = "[No Variations]"
Add component (AddParameter): Name = "Temperature"; Value = "-20°C to +70°C"; VariantName = "[No Variations]"
Add component (AddParameter): Name = "Temperature Range High"; Value = "+70°C"; VariantName = "[No Variations]"
Add component (AddParameter): Name = "Temperature Range Low"; Value = "-20°C"; VariantName = "[No Variations]"
Add component (AddParameter): Name = "Throw Configuration"; Value = "SPST-NO"; VariantName = "[No Variations]"
Add component (AddParameter): Name = "Voltage Rating Dc"; Value = "12V"; VariantName = "[No Variations]"
Added Component: Designator=TP101(TestPoint)
Added Component: Designator=U101(QFN40P300X300X75_HS-21N)
Added Component: Designator=U102(SOP127P1030X265-16N)
Add component (AddParameter): Name = "Code_IPC"; Value = "SOIC127P1030-16"; VariantName = "[No Variations]"
Add component (AddParameter): Name = "Code_JEDEC"; Value = "MS-013-AA"; VariantName = "[No Variations]"
Add component (AddParameter): Name = "ComponentLink1Description"; Value = "Manufacturer URL"; VariantName = "[No Variations]"
Add component (AddParameter): Name = "ComponentLink1URL"; Value = "http://www.maxim-ic.com"; VariantName = "[No Variations]"
Add component (AddParameter): Name = "ComponentLink2Description"; Value = "Datasheet"; VariantName = "[No Variations]"
Add component (AddParameter): Name = "ComponentLink2URL"; Value = "http://datasheets.maxim-ic.com/en/ds/DS3231.pdf"; VariantName = "[No Variations]"
Add component (AddParameter): Name = "ComponentLink3Description"; Value = "Package Specification"; VariantName = "[No Variations]"
Add component (AddParameter): Name = "ComponentLink3URL"; Value = "http://pdfserv.maxim-ic.com/package_dwgs/21-0042.PDF"; VariantName = "[No Variations]"
Add component (AddParameter): Name = "DatasheetVersion"; Value = "Rev 8, Jul-2010"; VariantName = "[No Variations]"
Add component (AddParameter): Name = "PackageDescription"; Value = "16-Pin Small-Outline IC, Wide (0.3in), 1.27 mm Pitch, SOIC (W)"; VariantName = "[No Variations]"
Add component (AddParameter): Name = "PackageReference"; Value = "W16-H2"; VariantName = "[No Variations]"
Add component (AddParameter): Name = "PackageVersion"; Value = "revD, 2010"; VariantName = "[No Variations]"
Added Component: Designator=U103(LED_WS2812-2020)
Added Component: Designator=U104(LED_WS2812-2020)
Added Component: Designator=U105(LED_WS2812-2020)
Added Component: Designator=U106(LED_WS2812-2020)
Added Component: Designator=U107(LED_WS2812-2020)
Added Component: Designator=U108(LED_WS2812-2020)
Added Component: Designator=U109(LED_WS2812-2020)
Added Component: Designator=U110(LED_WS2812-2020)
Added Component: Designator=U111(LED_WS2812-2020)
Added Component: Designator=U112(LED_WS2812-2020)
Added Component: Designator=U113(LED_WS2812-2020)
Added Component: Designator=U114(LED_WS2812-2020)
Added Component: Designator=U115(LED_WS2812-2020)
Added Component: Designator=U116(LED_WS2812-2020)
Added Component: Designator=U117(LED_WS2812-2020)
Added Component: Designator=U118(LED_WS2812-2020)
Added Component: Designator=U119(LED_WS2812-2020)
Added Component: Designator=U120(LED_WS2812-2020)
Added Pin To Net: NetName=+5 Pin=J101-A4-B9
Added Pin To Net: NetName=+5 Pin=J101-B4-A9
Added Pin To Net: NetName=+5 Pin=R101-2
Added Pin To Net: NetName=+5 Pin=R103-2
Added Pin To Net: NetName=+5 Pin=U101-6
Added Pin To Net: NetName=+5 Pin=U102-2
Added Pin To Net: NetName=+5 Pin=U103-4
Added Pin To Net: NetName=+5 Pin=U104-4
Added Pin To Net: NetName=+5 Pin=U105-4
Added Pin To Net: NetName=+5 Pin=U106-4
Added Pin To Net: NetName=+5 Pin=U107-4
Added Pin To Net: NetName=+5 Pin=U108-4
Added Pin To Net: NetName=+5 Pin=U109-4
Added Pin To Net: NetName=+5 Pin=U110-4
Added Pin To Net: NetName=+5 Pin=U111-4
Added Pin To Net: NetName=+5 Pin=U112-4
Added Pin To Net: NetName=+5 Pin=U113-4
Added Pin To Net: NetName=+5 Pin=U114-4
Added Pin To Net: NetName=+5 Pin=U115-4
Added Pin To Net: NetName=+5 Pin=U116-4
Added Pin To Net: NetName=+5 Pin=U117-4
Added Pin To Net: NetName=+5 Pin=U118-4
Added Pin To Net: NetName=+5 Pin=U119-4
Added Pin To Net: NetName=+5 Pin=U120-4
Added Net: Name=+5
Added Pin To Net: NetName=32k Pin=U101-17
Added Pin To Net: NetName=32k Pin=U102-1
Added Net: Name=32k
Added Pin To Net: NetName=CC1 Pin=J101-A5
Added Pin To Net: NetName=CC1 Pin=R102-2
Added Net: Name=CC1
Added Pin To Net: NetName=CC2 Pin=J101-B5
Added Pin To Net: NetName=CC2 Pin=R104-2
Added Net: Name=CC2
Added Pin To Net: NetName=FN1 Pin=SW101-2
Added Pin To Net: NetName=FN1 Pin=U101-19
Added Net: Name=FN1
Added Pin To Net: NetName=FN2 Pin=SW102-2
Added Pin To Net: NetName=FN2 Pin=U101-20
Added Net: Name=FN2
Added Pin To Net: NetName=FN3 Pin=SW103-2
Added Pin To Net: NetName=FN3 Pin=U101-1
Added Net: Name=FN3
Added Pin To Net: NetName=GND Pin=BT101-1
Added Pin To Net: NetName=GND Pin=C101-1
Added Pin To Net: NetName=GND Pin=C102-1
Added Pin To Net: NetName=GND Pin=C103-1
Added Pin To Net: NetName=GND Pin=J101-1
Added Pin To Net: NetName=GND Pin=J101-2
Added Pin To Net: NetName=GND Pin=J101-3
Added Pin To Net: NetName=GND Pin=J101-4
Added Pin To Net: NetName=GND Pin=J101-A1-B12
Added Pin To Net: NetName=GND Pin=J101-B1-A12
Added Pin To Net: NetName=GND Pin=R102-1
Added Pin To Net: NetName=GND Pin=R104-1
Added Pin To Net: NetName=GND Pin=SW101-3
Added Pin To Net: NetName=GND Pin=SW102-3
Added Pin To Net: NetName=GND Pin=SW103-3
Added Pin To Net: NetName=GND Pin=U101-0
Added Pin To Net: NetName=GND Pin=U101-4
Added Pin To Net: NetName=GND Pin=U102-13
Added Pin To Net: NetName=GND Pin=U103-2
Added Pin To Net: NetName=GND Pin=U104-2
Added Pin To Net: NetName=GND Pin=U105-2
Added Pin To Net: NetName=GND Pin=U106-2
Added Pin To Net: NetName=GND Pin=U107-2
Added Pin To Net: NetName=GND Pin=U108-2
Added Pin To Net: NetName=GND Pin=U109-2
Added Pin To Net: NetName=GND Pin=U110-2
Added Pin To Net: NetName=GND Pin=U111-2
Added Pin To Net: NetName=GND Pin=U112-2
Added Pin To Net: NetName=GND Pin=U113-2
Added Pin To Net: NetName=GND Pin=U114-2
Added Pin To Net: NetName=GND Pin=U115-2
Added Pin To Net: NetName=GND Pin=U116-2
Added Pin To Net: NetName=GND Pin=U117-2
Added Pin To Net: NetName=GND Pin=U118-2
Added Pin To Net: NetName=GND Pin=U119-2
Added Pin To Net: NetName=GND Pin=U120-2
Added Net: Name=GND
Added Pin To Net: NetName=INT Pin=U101-16
Added Pin To Net: NetName=INT Pin=U102-3
Added Net: Name=INT
Added Pin To Net: NetName=LED_DI Pin=U101-7
Added Pin To Net: NetName=LED_DI Pin=U103-3
Added Net: Name=LED_DI
Added Pin To Net: NetName=NetBT101_2 Pin=BT101-2
Added Pin To Net: NetName=NetBT101_2 Pin=BT101-2
Added Pin To Net: NetName=NetBT101_2 Pin=U102-14
Added Net: Name=NetBT101_2
Added Pin To Net: NetName=NetC101_2 Pin=C101-2
Added Pin To Net: NetName=NetC101_2 Pin=SW101-1
Added Net: Name=NetC101_2
Added Pin To Net: NetName=NetC102_2 Pin=C102-2
Added Pin To Net: NetName=NetC102_2 Pin=SW102-1
Added Net: Name=NetC102_2
Added Pin To Net: NetName=NetC103_2 Pin=C103-2
Added Pin To Net: NetName=NetC103_2 Pin=SW103-1
Added Net: Name=NetC103_2
Added Pin To Net: NetName=NetTP101_TP Pin=TP101-TP
Added Pin To Net: NetName=NetTP101_TP Pin=U101-15
Added Net: Name=NetTP101_TP
Added Pin To Net: NetName=NetU103_1 Pin=U103-1
Added Pin To Net: NetName=NetU103_1 Pin=U104-3
Added Net: Name=NetU103_1
Added Pin To Net: NetName=NetU104_1 Pin=U104-1
Added Pin To Net: NetName=NetU104_1 Pin=U105-3
Added Net: Name=NetU104_1
Added Pin To Net: NetName=NetU105_1 Pin=U105-1
Added Pin To Net: NetName=NetU105_1 Pin=U106-3
Added Net: Name=NetU105_1
Added Pin To Net: NetName=NetU106_1 Pin=U106-1
Added Pin To Net: NetName=NetU106_1 Pin=U107-3
Added Net: Name=NetU106_1
Added Pin To Net: NetName=NetU107_1 Pin=U107-1
Added Pin To Net: NetName=NetU107_1 Pin=U108-3
Added Net: Name=NetU107_1
Added Pin To Net: NetName=NetU108_1 Pin=U108-1
Added Pin To Net: NetName=NetU108_1 Pin=U109-3
Added Net: Name=NetU108_1
Added Pin To Net: NetName=NetU109_1 Pin=U109-1
Added Pin To Net: NetName=NetU109_1 Pin=U110-3
Added Net: Name=NetU109_1
Added Pin To Net: NetName=NetU110_1 Pin=U110-1
Added Pin To Net: NetName=NetU110_1 Pin=U111-3
Added Net: Name=NetU110_1
Added Pin To Net: NetName=NetU111_1 Pin=U111-1
Added Pin To Net: NetName=NetU111_1 Pin=U112-3
Added Net: Name=NetU111_1
Added Pin To Net: NetName=NetU112_1 Pin=U112-1
Added Pin To Net: NetName=NetU112_1 Pin=U113-3
Added Net: Name=NetU112_1
Added Pin To Net: NetName=NetU113_1 Pin=U113-1
Added Pin To Net: NetName=NetU113_1 Pin=U114-3
Added Net: Name=NetU113_1
Added Pin To Net: NetName=NetU114_1 Pin=U114-1
Added Pin To Net: NetName=NetU114_1 Pin=U115-3
Added Net: Name=NetU114_1
Added Pin To Net: NetName=NetU115_1 Pin=U115-1
Added Pin To Net: NetName=NetU115_1 Pin=U116-3
Added Net: Name=NetU115_1
Added Pin To Net: NetName=NetU116_1 Pin=U116-1
Added Pin To Net: NetName=NetU116_1 Pin=U117-3
Added Net: Name=NetU116_1
Added Pin To Net: NetName=NetU117_1 Pin=U117-1
Added Pin To Net: NetName=NetU117_1 Pin=U118-3
Added Net: Name=NetU117_1
Added Pin To Net: NetName=NetU118_1 Pin=U118-1
Added Pin To Net: NetName=NetU118_1 Pin=U119-3
Added Net: Name=NetU118_1
Added Pin To Net: NetName=NetU119_1 Pin=U119-1
Added Pin To Net: NetName=NetU119_1 Pin=U120-3
Added Net: Name=NetU119_1
Added Pin To Net: NetName=RST Pin=U101-18
Added Pin To Net: NetName=RST Pin=U102-4
Added Net: Name=RST
Added Pin To Net: NetName=SCL Pin=R101-1
Added Pin To Net: NetName=SCL Pin=U101-9
Added Pin To Net: NetName=SCL Pin=U102-16
Added Net: Name=SCL
Added Pin To Net: NetName=SDA Pin=R103-1
Added Pin To Net: NetName=SDA Pin=U101-8
Added Pin To Net: NetName=SDA Pin=U102-15
Added Net: Name=SDA
Added Class: Name=ClockBase
Added Rule: Name=Schematic Supply Nets
Added Rule: Name=Schematic Supply Nets_1
