Added Component: Designator=J101(FP-USB4110-GF-A-MFG)
Add component (AddParameter): Name = "Automotive"; Value = "No"; VariantName = "[No Variations]"
Add component (AddParameter): Name = "Category"; Value = "Conn"; VariantName = "[No Variations]"
Add component (AddParameter): Name = "ComponentLink2Description"; Value = "Datasheet"; VariantName = "[No Variations]"
Add component (AddParameter): Name = "ComponentLink2URL"; Value = "https://gct.co/files/drawings/usb4110.pdf"; VariantName = "[No Variations]"
Add component (AddParameter): Name = "Conn Orientation"; Value = "Right Angle"; VariantName = "[No Variations]"
Add component (AddParameter): Name = "Contact Material"; Value = "Gold,Nickel"; VariantName = "[No Variations]"
Add component (AddParameter): Name = "Current Rating"; Value = "3/4.25/1.25/0.25A"; VariantName = "[No Variations]"
Add component (AddParameter): Name = "Device Class L1"; Value = "Connectors"; VariantName = "[No Variations]"
Add component (AddParameter): Name = "Device Class L2"; Value = "USB Connectors"; VariantName = "[No Variations]"
Add component (AddParameter): Name = "Device Class L3"; Value = "unset"; VariantName = "[No Variations]"
Add component (AddParameter): Name = "Digikey Description"; Value = "CONN USB 2.0 TYPE-C R/A SMT"; VariantName = "[No Variations]"
Add component (AddParameter): Name = "Height"; Value = "3.46mm"; VariantName = "[No Variations]"
Add component (AddParameter): Name = "Is Female"; Value = "yes"; VariantName = "[No Variations]"
Add component (AddParameter): Name = "Lead Free"; Value = "Yes"; VariantName = "[No Variations]"
Add component (AddParameter): Name = "Manufacturer"; Value = "GCT"; VariantName = "[No Variations]"
Add component (AddParameter): Name = "Manufacturer Part Number"; Value = "USB4110-GF-A"; VariantName = "[No Variations]"
Add component (AddParameter): Name = "Number Of Contacts"; Value = "16"; VariantName = "[No Variations]"
Add component (AddParameter): Name = "Octopart"; Value = "https://octopart.com/usb4110-gf-a-gct-103941985"; VariantName = "[No Variations]"
Add component (AddParameter): Name = "Package"; Value = "0"; VariantName = "[No Variations]"
Add component (AddParameter): Name = "RoHS"; Value = "TRUE"; VariantName = "[No Variations]"
Add component (AddParameter): Name = "Shielding"; Value = "true"; VariantName = "[No Variations]"
Add component (AddParameter): Name = "Standoff Height"; Value = "0.1mm"; VariantName = "[No Variations]"
Add component (AddParameter): Name = "Temperature"; Value = "-40°C to +85°C"; VariantName = "[No Variations]"
Add component (AddParameter): Name = "Temperature Range High"; Value = "+85°C"; VariantName = "[No Variations]"
Add component (AddParameter): Name = "Temperature Range Low"; Value = "-40°C"; VariantName = "[No Variations]"
Add component (AddParameter): Name = "Usb Standard"; Value = "USB 2.0"; VariantName = "[No Variations]"
Add component (AddParameter): Name = "Voltage Rating"; Value = "20V"; VariantName = "[No Variations]"
Added Component: Designator=J102(FP-USB4110-GF-A-MFG)
Add component (AddParameter): Name = "Automotive"; Value = "No"; VariantName = "[No Variations]"
Add component (AddParameter): Name = "Category"; Value = "Conn"; VariantName = "[No Variations]"
Add component (AddParameter): Name = "ComponentLink2Description"; Value = "Datasheet"; VariantName = "[No Variations]"
Add component (AddParameter): Name = "ComponentLink2URL"; Value = "https://gct.co/files/drawings/usb4110.pdf"; VariantName = "[No Variations]"
Add component (AddParameter): Name = "Conn Orientation"; Value = "Right Angle"; VariantName = "[No Variations]"
Add component (AddParameter): Name = "Contact Material"; Value = "Gold,Nickel"; VariantName = "[No Variations]"
Add component (AddParameter): Name = "Current Rating"; Value = "3/4.25/1.25/0.25A"; VariantName = "[No Variations]"
Add component (AddParameter): Name = "Device Class L1"; Value = "Connectors"; VariantName = "[No Variations]"
Add component (AddParameter): Name = "Device Class L2"; Value = "USB Connectors"; VariantName = "[No Variations]"
Add component (AddParameter): Name = "Device Class L3"; Value = "unset"; VariantName = "[No Variations]"
Add component (AddParameter): Name = "Digikey Description"; Value = "CONN USB 2.0 TYPE-C R/A SMT"; VariantName = "[No Variations]"
Add component (AddParameter): Name = "Height"; Value = "3.46mm"; VariantName = "[No Variations]"
Add component (AddParameter): Name = "Is Female"; Value = "yes"; VariantName = "[No Variations]"
Add component (AddParameter): Name = "Lead Free"; Value = "Yes"; VariantName = "[No Variations]"
Add component (AddParameter): Name = "Manufacturer"; Value = "GCT"; VariantName = "[No Variations]"
Add component (AddParameter): Name = "Manufacturer Part Number"; Value = "USB4110-GF-A"; VariantName = "[No Variations]"
Add component (AddParameter): Name = "Number Of Contacts"; Value = "16"; VariantName = "[No Variations]"
Add component (AddParameter): Name = "Octopart"; Value = "https://octopart.com/usb4110-gf-a-gct-103941985"; VariantName = "[No Variations]"
Add component (AddParameter): Name = "Package"; Value = "0"; VariantName = "[No Variations]"
Add component (AddParameter): Name = "RoHS"; Value = "TRUE"; VariantName = "[No Variations]"
Add component (AddParameter): Name = "Shielding"; Value = "true"; VariantName = "[No Variations]"
Add component (AddParameter): Name = "Standoff Height"; Value = "0.1mm"; VariantName = "[No Variations]"
Add component (AddParameter): Name = "Temperature"; Value = "-40°C to +85°C"; VariantName = "[No Variations]"
Add component (AddParameter): Name = "Temperature Range High"; Value = "+85°C"; VariantName = "[No Variations]"
Add component (AddParameter): Name = "Temperature Range Low"; Value = "-40°C"; VariantName = "[No Variations]"
Add component (AddParameter): Name = "Usb Standard"; Value = "USB 2.0"; VariantName = "[No Variations]"
Add component (AddParameter): Name = "Voltage Rating"; Value = "20V"; VariantName = "[No Variations]"
Added Component: Designator=R101(RESC1608X06N)
Add component (AddParameter): Name = "Value"; Value = ""; VariantName = "[No Variations]"
Added Component: Designator=R102(RESC1608X06N)
Add component (AddParameter): Name = "Value"; Value = ""; VariantName = "[No Variations]"
Added Component: Designator=R103(RESC1608X06N)
Add component (AddParameter): Name = "Value"; Value = ""; VariantName = "[No Variations]"
Added Component: Designator=R104(LDR_5016)
Add component (AddParameter): Name = "Value"; Value = ""; VariantName = "[No Variations]"
Added Component: Designator=R105(RESC1608X06N)
Add component (AddParameter): Name = "Value"; Value = ""; VariantName = "[No Variations]"
Added Component: Designator=R106(RESC1608X06N)
Add component (AddParameter): Name = "Value"; Value = ""; VariantName = "[No Variations]"
Added Component: Designator=TP101(TestPoint)
Added Component: Designator=U101(QFN40P300X300X75_HS-21N)
Added Component: Designator=U102(LED_WS2812-2020)
Added Component: Designator=U103(LED_WS2812-2020)
Added Component: Designator=U104(LED_WS2812-2020)
Added Component: Designator=U105(LED_WS2812-2020)
Added Component: Designator=U106(LED_WS2812-2020)
Added Component: Designator=U107(LED_WS2812-2020)
Added Component: Designator=U108(LED_WS2812-2020)
Added Component: Designator=U109(LED_WS2812-2020)
Added Component: Designator=U110(LED_WS2812-2020)
Added Component: Designator=U111(LED_WS2812-2020)
Added Component: Designator=U112(LED_WS2812-2020)
Added Component: Designator=U113(LED_WS2812-2020)
Added Component: Designator=U114(LED_WS2812-2020)
Added Component: Designator=U115(LED_WS2812-2020)
Added Component: Designator=U116(LED_WS2812-2020)
Added Component: Designator=U117(LED_WS2812-2020)
Added Component: Designator=U118(LED_WS2812-2020)
Added Component: Designator=U119(LED_WS2812-2020)
Added Component: Designator=U120(LED_WS2812-2020)
Added Component: Designator=U121(LED_WS2812-2020)
Added Component: Designator=U122(LED_WS2812-2020)
Added Component: Designator=U123(LED_WS2812-2020)
Added Component: Designator=U124(LED_WS2812-2020)
Added Component: Designator=U125(LED_WS2812-2020)
Added Pin To Net: NetName=+5 Pin=J101-A4-B9
Added Pin To Net: NetName=+5 Pin=J101-B4-A9
Added Pin To Net: NetName=+5 Pin=J102-A4-B9
Added Pin To Net: NetName=+5 Pin=J102-B4-A9
Added Pin To Net: NetName=+5 Pin=R103-2
Added Pin To Net: NetName=+5 Pin=U101-6
Added Pin To Net: NetName=+5 Pin=U102-4
Added Pin To Net: NetName=+5 Pin=U103-4
Added Pin To Net: NetName=+5 Pin=U104-4
Added Pin To Net: NetName=+5 Pin=U105-4
Added Pin To Net: NetName=+5 Pin=U106-4
Added Pin To Net: NetName=+5 Pin=U107-4
Added Pin To Net: NetName=+5 Pin=U108-4
Added Pin To Net: NetName=+5 Pin=U109-4
Added Pin To Net: NetName=+5 Pin=U110-4
Added Pin To Net: NetName=+5 Pin=U111-4
Added Pin To Net: NetName=+5 Pin=U112-4
Added Pin To Net: NetName=+5 Pin=U113-4
Added Pin To Net: NetName=+5 Pin=U114-4
Added Pin To Net: NetName=+5 Pin=U115-4
Added Pin To Net: NetName=+5 Pin=U116-4
Added Pin To Net: NetName=+5 Pin=U117-4
Added Pin To Net: NetName=+5 Pin=U118-4
Added Pin To Net: NetName=+5 Pin=U119-4
Added Pin To Net: NetName=+5 Pin=U120-4
Added Pin To Net: NetName=+5 Pin=U121-4
Added Pin To Net: NetName=+5 Pin=U122-4
Added Pin To Net: NetName=+5 Pin=U123-4
Added Pin To Net: NetName=+5 Pin=U124-4
Added Pin To Net: NetName=+5 Pin=U125-4
Added Net: Name=+5
Added Pin To Net: NetName=CC1 Pin=J101-A5
Added Pin To Net: NetName=CC1 Pin=J102-A5
Added Pin To Net: NetName=CC1 Pin=R101-2
Added Pin To Net: NetName=CC1 Pin=R102-2
Added Net: Name=CC1
Added Pin To Net: NetName=CC2 Pin=J101-B5
Added Pin To Net: NetName=CC2 Pin=J102-B5
Added Pin To Net: NetName=CC2 Pin=R105-2
Added Pin To Net: NetName=CC2 Pin=R106-2
Added Net: Name=CC2
Added Pin To Net: NetName=GND Pin=J101-1
Added Pin To Net: NetName=GND Pin=J101-2
Added Pin To Net: NetName=GND Pin=J101-3
Added Pin To Net: NetName=GND Pin=J101-4
Added Pin To Net: NetName=GND Pin=J101-A1-B12
Added Pin To Net: NetName=GND Pin=J101-B1-A12
Added Pin To Net: NetName=GND Pin=J102-1
Added Pin To Net: NetName=GND Pin=J102-2
Added Pin To Net: NetName=GND Pin=J102-3
Added Pin To Net: NetName=GND Pin=J102-4
Added Pin To Net: NetName=GND Pin=J102-A1-B12
Added Pin To Net: NetName=GND Pin=J102-B1-A12
Added Pin To Net: NetName=GND Pin=R101-1
Added Pin To Net: NetName=GND Pin=R102-1
Added Pin To Net: NetName=GND Pin=R104-1
Added Pin To Net: NetName=GND Pin=R105-1
Added Pin To Net: NetName=GND Pin=R106-1
Added Pin To Net: NetName=GND Pin=U101-0
Added Pin To Net: NetName=GND Pin=U102-2
Added Pin To Net: NetName=GND Pin=U103-2
Added Pin To Net: NetName=GND Pin=U104-2
Added Pin To Net: NetName=GND Pin=U105-2
Added Pin To Net: NetName=GND Pin=U106-2
Added Pin To Net: NetName=GND Pin=U107-2
Added Pin To Net: NetName=GND Pin=U108-2
Added Pin To Net: NetName=GND Pin=U109-2
Added Pin To Net: NetName=GND Pin=U110-2
Added Pin To Net: NetName=GND Pin=U111-2
Added Pin To Net: NetName=GND Pin=U112-2
Added Pin To Net: NetName=GND Pin=U113-2
Added Pin To Net: NetName=GND Pin=U114-2
Added Pin To Net: NetName=GND Pin=U115-2
Added Pin To Net: NetName=GND Pin=U116-2
Added Pin To Net: NetName=GND Pin=U117-2
Added Pin To Net: NetName=GND Pin=U118-2
Added Pin To Net: NetName=GND Pin=U119-2
Added Pin To Net: NetName=GND Pin=U120-2
Added Pin To Net: NetName=GND Pin=U121-2
Added Pin To Net: NetName=GND Pin=U122-2
Added Pin To Net: NetName=GND Pin=U123-2
Added Pin To Net: NetName=GND Pin=U124-2
Added Pin To Net: NetName=GND Pin=U125-2
Added Net: Name=GND
Added Pin To Net: NetName=LED_DI Pin=U101-11
Added Pin To Net: NetName=LED_DI Pin=U102-3
Added Net: Name=LED_DI
Added Pin To Net: NetName=NetR103_1 Pin=R103-1
Added Pin To Net: NetName=NetR103_1 Pin=R104-2
Added Pin To Net: NetName=NetR103_1 Pin=U101-20
Added Net: Name=NetR103_1
Added Pin To Net: NetName=NetTP101_TP Pin=TP101-TP
Added Pin To Net: NetName=NetTP101_TP Pin=U101-15
Added Net: Name=NetTP101_TP
Added Pin To Net: NetName=NetU102_1 Pin=U102-1
Added Pin To Net: NetName=NetU102_1 Pin=U103-3
Added Net: Name=NetU102_1
Added Pin To Net: NetName=NetU103_1 Pin=U103-1
Added Pin To Net: NetName=NetU103_1 Pin=U104-3
Added Net: Name=NetU103_1
Added Pin To Net: NetName=NetU104_1 Pin=U104-1
Added Pin To Net: NetName=NetU104_1 Pin=U105-3
Added Net: Name=NetU104_1
Added Pin To Net: NetName=NetU105_1 Pin=U105-1
Added Pin To Net: NetName=NetU105_1 Pin=U106-3
Added Net: Name=NetU105_1
Added Pin To Net: NetName=NetU106_1 Pin=U106-1
Added Pin To Net: NetName=NetU106_1 Pin=U107-3
Added Net: Name=NetU106_1
Added Pin To Net: NetName=NetU107_1 Pin=U107-1
Added Pin To Net: NetName=NetU107_1 Pin=U108-3
Added Net: Name=NetU107_1
Added Pin To Net: NetName=NetU108_1 Pin=U108-1
Added Pin To Net: NetName=NetU108_1 Pin=U109-3
Added Net: Name=NetU108_1
Added Pin To Net: NetName=NetU109_1 Pin=U109-1
Added Pin To Net: NetName=NetU109_1 Pin=U110-3
Added Net: Name=NetU109_1
Added Pin To Net: NetName=NetU110_1 Pin=U110-1
Added Pin To Net: NetName=NetU110_1 Pin=U111-3
Added Net: Name=NetU110_1
Added Pin To Net: NetName=NetU111_1 Pin=U111-1
Added Pin To Net: NetName=NetU111_1 Pin=U112-3
Added Net: Name=NetU111_1
Added Pin To Net: NetName=NetU112_1 Pin=U112-1
Added Pin To Net: NetName=NetU112_1 Pin=U113-3
Added Net: Name=NetU112_1
Added Pin To Net: NetName=NetU113_1 Pin=U113-1
Added Pin To Net: NetName=NetU113_1 Pin=U114-3
Added Net: Name=NetU113_1
Added Pin To Net: NetName=NetU114_1 Pin=U114-1
Added Pin To Net: NetName=NetU114_1 Pin=U115-3
Added Net: Name=NetU114_1
Added Pin To Net: NetName=NetU115_1 Pin=U115-1
Added Pin To Net: NetName=NetU115_1 Pin=U116-3
Added Net: Name=NetU115_1
Added Pin To Net: NetName=NetU116_1 Pin=U116-1
Added Pin To Net: NetName=NetU116_1 Pin=U117-3
Added Net: Name=NetU116_1
Added Pin To Net: NetName=NetU117_1 Pin=U117-1
Added Pin To Net: NetName=NetU117_1 Pin=U118-3
Added Net: Name=NetU117_1
Added Pin To Net: NetName=NetU118_1 Pin=U118-1
Added Pin To Net: NetName=NetU118_1 Pin=U119-3
Added Net: Name=NetU118_1
Added Pin To Net: NetName=NetU119_1 Pin=U119-1
Added Pin To Net: NetName=NetU119_1 Pin=U120-3
Added Net: Name=NetU119_1
Added Pin To Net: NetName=NetU120_1 Pin=U120-1
Added Pin To Net: NetName=NetU120_1 Pin=U121-3
Added Net: Name=NetU120_1
Added Pin To Net: NetName=NetU121_1 Pin=U121-1
Added Pin To Net: NetName=NetU121_1 Pin=U122-3
Added Net: Name=NetU121_1
Added Pin To Net: NetName=NetU122_1 Pin=U122-1
Added Pin To Net: NetName=NetU122_1 Pin=U123-3
Added Net: Name=NetU122_1
Added Pin To Net: NetName=NetU123_1 Pin=U123-1
Added Pin To Net: NetName=NetU123_1 Pin=U124-3
Added Net: Name=NetU123_1
Added Pin To Net: NetName=NetU124_1 Pin=U124-1
Added Pin To Net: NetName=NetU124_1 Pin=U125-3
Added Net: Name=NetU124_1
Added Class: Name=Sheet1
Added Rule: Name=Schematic Supply Nets
Added Rule: Name=Schematic Supply Nets_1
